# JRE version: OpenJDK Runtime Environment (8.0_131-b11) (build 1.8.0_131-b11)
# Java VM: OpenJDK 64-Bit Server VM (25.131-b11 mixed mode linux-amd64 compressed oops)
Heap:
 def new generation   total 15360K, used 10369K [0x00000000f8000000, 0x00000000f90a0000, 0x00000000faaa0000)
  eden space 13696K,  63% used [0x00000000f8000000, 0x00000000f8880520, 0x00000000f8d60000)
  from space 1664K, 100% used [0x00000000f8d60000, 0x00000000f8f00000, 0x00000000f8f00000)
  to   space 1664K,   0% used [0x00000000f8f00000, 0x00000000f8f00000, 0x00000000f90a0000)
 tenured generation   total 34176K, used 9163K [0x00000000faaa0000, 0x00000000fcc00000, 0x0000000100000000)
   the space 34176K,  26% used [0x00000000faaa0000, 0x00000000fb392c20, 0x00000000fb392e00, 0x00000000fcc00000)
 Metaspace       used 20128K, capacity 20296K, committed 20608K, reserved 1067008K
  class space    used 2340K, capacity 2406K, committed 2432K, reserved 1048576K
GC Heap History (8 events):
Event: 0.962 GC heap before
{Heap before GC invocations=0 (full 0):
 def new generation   total 15360K, used 13696K [0x00000000f8000000, 0x00000000f90a0000, 0x00000000faaa0000)
  eden space 13696K, 100% used [0x00000000f8000000, 0x00000000f8d60000, 0x00000000f8d60000)
  from space 1664K,   0% used [0x00000000f8d60000, 0x00000000f8d60000, 0x00000000f8f00000)
  to   space 1664K,   0% used [0x00000000f8f00000, 0x00000000f8f00000, 0x00000000f90a0000)
 tenured generation   total 34176K, used 0K [0x00000000faaa0000, 0x00000000fcc00000, 0x0000000100000000)
   the space 34176K,   0% used [0x00000000faaa0000, 0x00000000faaa0000, 0x00000000faaa0200, 0x00000000fcc00000)
 Metaspace       used 9983K, capacity 10046K, committed 10368K, reserved 1058816K
  class space    used 1091K, capacity 1117K, committed 1152K, reserved 1048576K
Event: 0.977 GC heap after
Heap after GC invocations=1 (full 0):
 def new generation   total 15360K, used 1663K [0x00000000f8000000, 0x00000000f90a0000, 0x00000000faaa0000)
  eden space 13696K,   0% used [0x00000000f8000000, 0x00000000f8000000, 0x00000000f8d60000)
  from space 1664K,  99% used [0x00000000f8f00000, 0x00000000f909fff8, 0x00000000f90a0000)
  to   space 1664K,   0% used [0x00000000f8d60000, 0x00000000f8d60000, 0x00000000f8f00000)
 tenured generation   total 34176K, used 2237K [0x00000000faaa0000, 0x00000000fcc00000, 0x0000000100000000)
   the space 34176K,   6% used [0x00000000faaa0000, 0x00000000faccf468, 0x00000000faccf600, 0x00000000fcc00000)
 Metaspace       used 9983K, capacity 10046K, committed 10368K, reserved 1058816K
  class space    used 1091K, capacity 1117K, committed 1152K, reserved 1048576K
}
Event: 1.405 GC heap before
{Heap before GC invocations=1 (full 0):
 def new generation   total 15360K, used 15359K [0x00000000f8000000, 0x00000000f90a0000, 0x00000000faaa0000)
  eden space 13696K, 100% used [0x00000000f8000000, 0x00000000f8d60000, 0x00000000f8d60000)
  from space 1664K,  99% used [0x00000000f8f00000, 0x00000000f909fff8, 0x00000000f90a0000)
  to   space 1664K,   0% used [0x00000000f8d60000, 0x00000000f8d60000, 0x00000000f8f00000)
 tenured generation   total 34176K, used 2237K [0x00000000faaa0000, 0x00000000fcc00000, 0x0000000100000000)
   the space 34176K,   6% used [0x00000000faaa0000, 0x00000000faccf468, 0x00000000faccf600, 0x00000000fcc00000)
 Metaspace       used 13188K, capacity 13364K, committed 13696K, reserved 1060864K
  class space    used 1470K, capacity 1560K, committed 1664K, reserved 1048576K
Event: 1.413 GC heap after
Heap after GC invocations=2 (full 0):
 def new generation   total 15360K, used 1664K [0x00000000f8000000, 0x00000000f90a0000, 0x00000000faaa0000)
  eden space 13696K,   0% used [0x00000000f8000000, 0x00000000f8000000, 0x00000000f8d60000)
  from space 1664K, 100% used [0x00000000f8d60000, 0x00000000f8f00000, 0x00000000f8f00000)
  to   space 1664K,   0% used [0x00000000f8f00000, 0x00000000f8f00000, 0x00000000f90a0000)
 tenured generation   total 34176K, used 5475K [0x00000000faaa0000, 0x00000000fcc00000, 0x0000000100000000)
   the space 34176K,  16% used [0x00000000faaa0000, 0x00000000faff8ef0, 0x00000000faff9000, 0x00000000fcc00000)
 Metaspace       used 13188K, capacity 13364K, committed 13696K, reserved 1060864K
  class space    used 1470K, capacity 1560K, committed 1664K, reserved 1048576K
}
Event: 1.805 GC heap before
{Heap before GC invocations=2 (full 0):
 def new generation   total 15360K, used 15360K [0x00000000f8000000, 0x00000000f90a0000, 0x00000000faaa0000)
  eden space 13696K, 100% used [0x00000000f8000000, 0x00000000f8d60000, 0x00000000f8d60000)
  from space 1664K, 100% used [0x00000000f8d60000, 0x00000000f8f00000, 0x00000000f8f00000)
  to   space 1664K,   0% used [0x00000000f8f00000, 0x00000000f8f00000, 0x00000000f90a0000)
 tenured generation   total 34176K, used 5475K [0x00000000faaa0000, 0x00000000fcc00000, 0x0000000100000000)
   the space 34176K,  16% used [0x00000000faaa0000, 0x00000000faff8ef0, 0x00000000faff9000, 0x00000000fcc00000)
 Metaspace       used 16321K, capacity 16472K, committed 16896K, reserved 1064960K
  class space    used 1883K, capacity 1950K, committed 2048K, reserved 1048576K
Event: 1.812 GC heap after
Heap after GC invocations=3 (full 0):
 def new generation   total 15360K, used 1664K [0x00000000f8000000, 0x00000000f90a0000, 0x00000000faaa0000)
  eden space 13696K,   0% used [0x00000000f8000000, 0x00000000f8000000, 0x00000000f8d60000)
  from space 1664K, 100% used [0x00000000f8f00000, 0x00000000f90a0000, 0x00000000f90a0000)
  to   space 1664K,   0% used [0x00000000f8d60000, 0x00000000f8d60000, 0x00000000f8f00000)
 tenured generation   total 34176K, used 7605K [0x00000000faaa0000, 0x00000000fcc00000, 0x0000000100000000)
   the space 34176K,  22% used [0x00000000faaa0000, 0x00000000fb20d7d0, 0x00000000fb20d800, 0x00000000fcc00000)
 Metaspace       used 16321K, capacity 16472K, committed 16896K, reserved 1064960K
  class space    used 1883K, capacity 1950K, committed 2048K, reserved 1048576K
}
Event: 2.417 GC heap before
{Heap before GC invocations=3 (full 0):
 def new generation   total 15360K, used 15360K [0x00000000f8000000, 0x00000000f90a0000, 0x00000000faaa0000)
  eden space 13696K, 100% used [0x00000000f8000000, 0x00000000f8d60000, 0x00000000f8d60000)
  from space 1664K, 100% used [0x00000000f8f00000, 0x00000000f90a0000, 0x00000000f90a0000)
  to   space 1664K,   0% used [0x00000000f8d60000, 0x00000000f8d60000, 0x00000000f8f00000)
 tenured generation   total 34176K, used 7605K [0x00000000faaa0000, 0x00000000fcc00000, 0x0000000100000000)
   the space 34176K,  22% used [0x00000000faaa0000, 0x00000000fb20d7d0, 0x00000000fb20d800, 0x00000000fcc00000)
 Metaspace       used 18928K, capacity 19102K, committed 19456K, reserved 1067008K
  class space    used 2186K, capacity 2271K, committed 2304K, reserved 1048576K
Event: 2.423 GC heap after
Heap after GC invocations=4 (full 0):
 def new generation   total 15360K, used 1664K [0x00000000f8000000, 0x00000000f90a0000, 0x00000000faaa0000)
  eden space 13696K,   0% used [0x00000000f8000000, 0x00000000f8000000, 0x00000000f8d60000)
  from space 1664K, 100% used [0x00000000f8d60000, 0x00000000f8f00000, 0x00000000f8f00000)
  to   space 1664K,   0% used [0x00000000f8f00000, 0x00000000f8f00000, 0x00000000f90a0000)
 tenured generation   total 34176K, used 9163K [0x00000000faaa0000, 0x00000000fcc00000, 0x0000000100000000)
   the space 34176K,  26% used [0x00000000faaa0000, 0x00000000fb392c20, 0x00000000fb392e00, 0x00000000fcc00000)
 Metaspace       used 18928K, capacity 19102K, committed 19456K, reserved 1067008K
  class space    used 2186K, capacity 2271K, committed 2304K, reserved 1048576K
}

